# JRE version: OpenJDK Runtime Environment Temurin-21.0.6+7 (21.0.6+7) (build 21.0.6+7-LTS)
# Java VM: OpenJDK 64-Bit Server VM Temurin-21.0.6+7 (21.0.6+7-LTS, mixed mode, sharing, tiered, compressed oops, compressed class ptrs, g1 gc, windows-amd64)
GC Precious Log:
 CardTable entry size: 512
 Card Set container configuration: InlinePtr #cards 5 size 8 Array Of Cards #cards 12 size 40 Howl #buckets 4 coarsen threshold 1843 Howl Bitmap #cards 512 size 80 coarsen threshold 460 Card regions per heap region 1 cards per card region 2048
 CPUs: 8 total, 8 available
 Memory: 7995M
 Large Page Support: Disabled
 NUMA Support: Disabled
 Compressed Oops: Enabled (32-bit)
 Heap Region Size: 1M
 Heap Min Capacity: 8M
 Heap Initial Capacity: 126M
 Heap Max Capacity: 2000M
 Pre-touch: Disabled
 Parallel Workers: 8
 Concurrent Workers: 2
 Concurrent Refinement Workers: 8
 Periodic GC: Disabled
Heap:
 garbage-first heap   total 151552K, used 127384K [0x0000000083000000, 0x0000000100000000)
  region size 1024K, 42 young (43008K), 2 survivors (2048K)
 Metaspace       used 35466K, committed 36032K, reserved 1114112K
  class space    used 3829K, committed 4096K, reserved 1048576K
GC Heap History (20 events):
Event: 8.536 GC heap before
{Heap before GC invocations=4 (full 0):
 garbage-first heap   total 129024K, used 72577K [0x0000000083000000, 0x0000000100000000)
  region size 1024K, 52 young (53248K), 6 survivors (6144K)
 Metaspace       used 21255K, committed 21504K, reserved 1114112K
  class space    used 2333K, committed 2432K, reserved 1048576K
}
Event: 8.546 GC heap after
{Heap after GC invocations=5 (full 0):
 garbage-first heap   total 129024K, used 29696K [0x0000000083000000, 0x0000000100000000)
  region size 1024K, 10 young (10240K), 10 survivors (10240K)
 Metaspace       used 21255K, committed 21504K, reserved 1114112K
  class space    used 2333K, committed 2432K, reserved 1048576K
}
Event: 9.988 GC heap before
{Heap before GC invocations=6 (full 0):
 garbage-first heap   total 99328K, used 98304K [0x0000000083000000, 0x0000000100000000)
  region size 1024K, 75 young (76800K), 10 survivors (10240K)
 Metaspace       used 27609K, committed 27968K, reserved 1114112K
  class space    used 3047K, committed 3200K, reserved 1048576K
}
Event: 10.053 GC heap after
{Heap after GC invocations=7 (full 0):
 garbage-first heap   total 125952K, used 48640K [0x0000000083000000, 0x0000000100000000)
  region size 1024K, 10 young (10240K), 10 survivors (10240K)
 Metaspace       used 27609K, committed 27968K, reserved 1114112K
  class space    used 3047K, committed 3200K, reserved 1048576K
}
Event: 10.679 GC heap before
{Heap before GC invocations=7 (full 0):
 garbage-first heap   total 125952K, used 99840K [0x0000000083000000, 0x0000000100000000)
  region size 1024K, 60 young (61440K), 10 survivors (10240K)
 Metaspace       used 28043K, committed 28352K, reserved 1114112K
  class space    used 3060K, committed 3200K, reserved 1048576K
}
Event: 10.722 GC heap after
{Heap after GC invocations=8 (full 0):
 garbage-first heap   total 151552K, used 57856K [0x0000000083000000, 0x0000000100000000)
  region size 1024K, 8 young (8192K), 8 survivors (8192K)
 Metaspace       used 28043K, committed 28352K, reserved 1114112K
  class space    used 3060K, committed 3200K, reserved 1048576K
}
Event: 12.134 GC heap before
{Heap before GC invocations=8 (full 0):
 garbage-first heap   total 151552K, used 119296K [0x0000000083000000, 0x0000000100000000)
  region size 1024K, 69 young (70656K), 8 survivors (8192K)
 Metaspace       used 30749K, committed 31232K, reserved 1114112K
  class space    used 3362K, committed 3584K, reserved 1048576K
}
Event: 12.149 GC heap after
{Heap after GC invocations=9 (full 0):
 garbage-first heap   total 151552K, used 61952K [0x0000000083000000, 0x0000000100000000)
  region size 1024K, 3 young (3072K), 3 survivors (3072K)
 Metaspace       used 30749K, committed 31232K, reserved 1114112K
  class space    used 3362K, committed 3584K, reserved 1048576K
}
Event: 22.108 GC heap before
{Heap before GC invocations=9 (full 0):
 garbage-first heap   total 151552K, used 125440K [0x0000000083000000, 0x0000000100000000)
  region size 1024K, 65 young (66560K), 3 survivors (3072K)
 Metaspace       used 31090K, committed 31552K, reserved 1114112K
  class space    used 3375K, committed 3584K, reserved 1048576K
}
Event: 22.117 GC heap after
{Heap after GC invocations=10 (full 0):
 garbage-first heap   total 151552K, used 64000K [0x0000000083000000, 0x0000000100000000)
  region size 1024K, 5 young (5120K), 5 survivors (5120K)
 Metaspace       used 31090K, committed 31552K, reserved 1114112K
  class space    used 3375K, committed 3584K, reserved 1048576K
}
Event: 22.848 GC heap before
{Heap before GC invocations=10 (full 0):
 garbage-first heap   total 151552K, used 128512K [0x0000000083000000, 0x0000000100000000)
  region size 1024K, 68 young (69632K), 5 survivors (5120K)
 Metaspace       used 32951K, committed 33536K, reserved 1114112K
  class space    used 3596K, committed 3840K, reserved 1048576K
}
Event: 22.862 GC heap after
{Heap after GC invocations=11 (full 0):
 garbage-first heap   total 151552K, used 65849K [0x0000000083000000, 0x0000000100000000)
  region size 1024K, 5 young (5120K), 5 survivors (5120K)
 Metaspace       used 32951K, committed 33536K, reserved 1114112K
  class space    used 3596K, committed 3840K, reserved 1048576K
}
Event: 25.873 GC heap before
{Heap before GC invocations=11 (full 0):
 garbage-first heap   total 151552K, used 136505K [0x0000000083000000, 0x0000000100000000)
  region size 1024K, 68 young (69632K), 5 survivors (5120K)
 Metaspace       used 33799K, committed 34304K, reserved 1114112K
  class space    used 3661K, committed 3904K, reserved 1048576K
}
Event: 25.894 GC heap after
{Heap after GC invocations=12 (full 0):
 garbage-first heap   total 151552K, used 78572K [0x0000000083000000, 0x0000000100000000)
  region size 1024K, 9 young (9216K), 9 survivors (9216K)
 Metaspace       used 33799K, committed 34304K, reserved 1114112K
  class space    used 3661K, committed 3904K, reserved 1048576K
}
Event: 26.138 GC heap before
{Heap before GC invocations=12 (full 0):
 garbage-first heap   total 151552K, used 101100K [0x0000000083000000, 0x0000000100000000)
  region size 1024K, 32 young (32768K), 9 survivors (9216K)
 Metaspace       used 33812K, committed 34368K, reserved 1114112K
  class space    used 3661K, committed 3904K, reserved 1048576K
}
Event: 26.153 GC heap after
{Heap after GC invocations=13 (full 0):
 garbage-first heap   total 151552K, used 87552K [0x0000000083000000, 0x0000000100000000)
  region size 1024K, 8 young (8192K), 8 survivors (8192K)
 Metaspace       used 33812K, committed 34368K, reserved 1114112K
  class space    used 3661K, committed 3904K, reserved 1048576K
}
Event: 30.065 GC heap before
{Heap before GC invocations=14 (full 0):
 garbage-first heap   total 151552K, used 123392K [0x0000000083000000, 0x0000000100000000)
  region size 1024K, 47 young (48128K), 8 survivors (8192K)
 Metaspace       used 33858K, committed 34432K, reserved 1114112K
  class space    used 3665K, committed 3904K, reserved 1048576K
}
Event: 30.077 GC heap after
{Heap after GC invocations=15 (full 0):
 garbage-first heap   total 151552K, used 92672K [0x0000000083000000, 0x0000000100000000)
  region size 1024K, 6 young (6144K), 6 survivors (6144K)
 Metaspace       used 33858K, committed 34432K, reserved 1114112K
  class space    used 3665K, committed 3904K, reserved 1048576K
}
Event: 30.670 GC heap before
{Heap before GC invocations=15 (full 0):
 garbage-first heap   total 151552K, used 127488K [0x0000000083000000, 0x0000000100000000)
  region size 1024K, 41 young (41984K), 6 survivors (6144K)
 Metaspace       used 35241K, committed 35776K, reserved 1114112K
  class space    used 3816K, committed 4032K, reserved 1048576K
}
Event: 30.681 GC heap after
{Heap after GC invocations=16 (full 0):
 garbage-first heap   total 151552K, used 86424K [0x0000000083000000, 0x0000000100000000)
  region size 1024K, 2 young (2048K), 2 survivors (2048K)
 Metaspace       used 35241K, committed 35776K, reserved 1114112K
  class space    used 3816K, committed 4032K, reserved 1048576K
}

