# JRE version: OpenJDK Runtime Environment Temurin-21.0.6+7 (21.0.6+7) (build 21.0.6+7-LTS)
# Java VM: OpenJDK 64-Bit Server VM Temurin-21.0.6+7 (21.0.6+7-LTS, mixed mode, sharing, tiered, compressed oops, compressed class ptrs, g1 gc, windows-amd64)
GC Precious Log:
 CardTable entry size: 512
 Card Set container configuration: InlinePtr #cards 5 size 8 Array Of Cards #cards 12 size 40 Howl #buckets 4 coarsen threshold 1843 Howl Bitmap #cards 512 size 80 coarsen threshold 460 Card regions per heap region 1 cards per card region 2048
 CPUs: 8 total, 8 available
 Memory: 7995M
 Large Page Support: Disabled
 NUMA Support: Disabled
 Compressed Oops: Enabled (32-bit)
 Heap Region Size: 1M
 Heap Min Capacity: 8M
 Heap Initial Capacity: 126M
 Heap Max Capacity: 2000M
 Pre-touch: Disabled
 Parallel Workers: 8
 Concurrent Workers: 2
 Concurrent Refinement Workers: 8
 Periodic GC: Disabled
Heap:
 garbage-first heap   total 82944K, used 52398K [0x0000000083000000, 0x0000000100000000)
  region size 1024K, 33 young (33792K), 6 survivors (6144K)
 Metaspace       used 38537K, committed 39040K, reserved 1114112K
  class space    used 4380K, committed 4608K, reserved 1048576K
GC Heap History (20 events):
Event: 8.221 GC heap before
{Heap before GC invocations=7 (full 0):
 garbage-first heap   total 58368K, used 57683K [0x0000000083000000, 0x0000000100000000)
  region size 1024K, 46 young (47104K), 6 survivors (6144K)
 Metaspace       used 22972K, committed 23296K, reserved 1114112K
  class space    used 2662K, committed 2816K, reserved 1048576K
}
Event: 8.231 GC heap after
{Heap after GC invocations=8 (full 0):
 garbage-first heap   total 64512K, used 16925K [0x0000000083000000, 0x0000000100000000)
  region size 1024K, 4 young (4096K), 4 survivors (4096K)
 Metaspace       used 22972K, committed 23296K, reserved 1114112K
  class space    used 2662K, committed 2816K, reserved 1048576K
}
Event: 8.490 GC heap before
{Heap before GC invocations=8 (full 0):
 garbage-first heap   total 64512K, used 50717K [0x0000000083000000, 0x0000000100000000)
  region size 1024K, 37 young (37888K), 4 survivors (4096K)
 Metaspace       used 24788K, committed 25216K, reserved 1114112K
  class space    used 2948K, committed 3136K, reserved 1048576K
}
Event: 8.497 GC heap after
{Heap after GC invocations=9 (full 0):
 garbage-first heap   total 64512K, used 18010K [0x0000000083000000, 0x0000000100000000)
  region size 1024K, 4 young (4096K), 4 survivors (4096K)
 Metaspace       used 24788K, committed 25216K, reserved 1114112K
  class space    used 2948K, committed 3136K, reserved 1048576K
}
Event: 8.742 GC heap before
{Heap before GC invocations=9 (full 0):
 garbage-first heap   total 64512K, used 51802K [0x0000000083000000, 0x0000000100000000)
  region size 1024K, 37 young (37888K), 4 survivors (4096K)
 Metaspace       used 26308K, committed 26688K, reserved 1114112K
  class space    used 3092K, committed 3264K, reserved 1048576K
}
Event: 8.749 GC heap after
{Heap after GC invocations=10 (full 0):
 garbage-first heap   total 77824K, used 18991K [0x0000000083000000, 0x0000000100000000)
  region size 1024K, 4 young (4096K), 4 survivors (4096K)
 Metaspace       used 26308K, committed 26688K, reserved 1114112K
  class space    used 3092K, committed 3264K, reserved 1048576K
}
Event: 8.929 GC heap before
{Heap before GC invocations=10 (full 0):
 garbage-first heap   total 77824K, used 60975K [0x0000000083000000, 0x0000000100000000)
  region size 1024K, 45 young (46080K), 4 survivors (4096K)
 Metaspace       used 27764K, committed 28096K, reserved 1114112K
  class space    used 3215K, committed 3392K, reserved 1048576K
}
Event: 8.934 GC heap after
{Heap after GC invocations=11 (full 0):
 garbage-first heap   total 77824K, used 19415K [0x0000000083000000, 0x0000000100000000)
  region size 1024K, 4 young (4096K), 4 survivors (4096K)
 Metaspace       used 27764K, committed 28096K, reserved 1114112K
  class space    used 3215K, committed 3392K, reserved 1048576K
}
Event: 9.192 GC heap before
{Heap before GC invocations=11 (full 0):
 garbage-first heap   total 77824K, used 61399K [0x0000000083000000, 0x0000000100000000)
  region size 1024K, 45 young (46080K), 4 survivors (4096K)
 Metaspace       used 29327K, committed 29632K, reserved 1114112K
  class space    used 3370K, committed 3520K, reserved 1048576K
}
Event: 9.198 GC heap after
{Heap after GC invocations=12 (full 0):
 garbage-first heap   total 77824K, used 20165K [0x0000000083000000, 0x0000000100000000)
  region size 1024K, 4 young (4096K), 4 survivors (4096K)
 Metaspace       used 29327K, committed 29632K, reserved 1114112K
  class space    used 3370K, committed 3520K, reserved 1048576K
}
Event: 9.443 GC heap before
{Heap before GC invocations=12 (full 0):
 garbage-first heap   total 77824K, used 62149K [0x0000000083000000, 0x0000000100000000)
  region size 1024K, 45 young (46080K), 4 survivors (4096K)
 Metaspace       used 30707K, committed 31104K, reserved 1114112K
  class space    used 3528K, committed 3712K, reserved 1048576K
}
Event: 9.450 GC heap after
{Heap after GC invocations=13 (full 0):
 garbage-first heap   total 77824K, used 20802K [0x0000000083000000, 0x0000000100000000)
  region size 1024K, 3 young (3072K), 3 survivors (3072K)
 Metaspace       used 30707K, committed 31104K, reserved 1114112K
  class space    used 3528K, committed 3712K, reserved 1048576K
}
Event: 9.695 GC heap before
{Heap before GC invocations=13 (full 0):
 garbage-first heap   total 77824K, used 63810K [0x0000000083000000, 0x0000000100000000)
  region size 1024K, 45 young (46080K), 3 survivors (3072K)
 Metaspace       used 32859K, committed 33280K, reserved 1114112K
  class space    used 3785K, committed 3968K, reserved 1048576K
}
Event: 9.701 GC heap after
{Heap after GC invocations=14 (full 0):
 garbage-first heap   total 94208K, used 21244K [0x0000000083000000, 0x0000000100000000)
  region size 1024K, 4 young (4096K), 4 survivors (4096K)
 Metaspace       used 32859K, committed 33280K, reserved 1114112K
  class space    used 3785K, committed 3968K, reserved 1048576K
}
Event: 10.223 GC heap before
{Heap before GC invocations=14 (full 0):
 garbage-first heap   total 94208K, used 73468K [0x0000000083000000, 0x0000000100000000)
  region size 1024K, 55 young (56320K), 4 survivors (4096K)
 Metaspace       used 35392K, committed 35840K, reserved 1114112K
  class space    used 4097K, committed 4288K, reserved 1048576K
}
Event: 10.230 GC heap after
{Heap after GC invocations=15 (full 0):
 garbage-first heap   total 94208K, used 23500K [0x0000000083000000, 0x0000000100000000)
  region size 1024K, 6 young (6144K), 6 survivors (6144K)
 Metaspace       used 35392K, committed 35840K, reserved 1114112K
  class space    used 4097K, committed 4288K, reserved 1048576K
}
Event: 10.289 GC heap before
{Heap before GC invocations=15 (full 0):
 garbage-first heap   total 94208K, used 28620K [0x0000000083000000, 0x0000000100000000)
  region size 1024K, 12 young (12288K), 6 survivors (6144K)
 Metaspace       used 35727K, committed 36096K, reserved 1114112K
  class space    used 4124K, committed 4288K, reserved 1048576K
}
Event: 10.301 GC heap after
{Heap after GC invocations=16 (full 0):
 garbage-first heap   total 94208K, used 23333K [0x0000000083000000, 0x0000000100000000)
  region size 1024K, 4 young (4096K), 4 survivors (4096K)
 Metaspace       used 35727K, committed 36096K, reserved 1114112K
  class space    used 4124K, committed 4288K, reserved 1048576K
}
Event: 12.082 GC heap before
{Heap before GC invocations=17 (full 0):
 garbage-first heap   total 81920K, used 75557K [0x0000000083000000, 0x0000000100000000)
  region size 1024K, 55 young (56320K), 4 survivors (4096K)
 Metaspace       used 36905K, committed 37376K, reserved 1114112K
  class space    used 4206K, committed 4416K, reserved 1048576K
}
Event: 12.104 GC heap after
{Heap after GC invocations=18 (full 0):
 garbage-first heap   total 82944K, used 25774K [0x0000000083000000, 0x0000000100000000)
  region size 1024K, 6 young (6144K), 6 survivors (6144K)
 Metaspace       used 36905K, committed 37376K, reserved 1114112K
  class space    used 4206K, committed 4416K, reserved 1048576K
}

